; ModuleID = 'GraphSQL'
source_filename = "GraphSQL"

define i32 @main() {
entry:
  %x = alloca i32, align 4
  store i32 2, i32* %x, align 4
  %z = alloca i32, align 4
  store i32 1, i32* %z, align 4
  %f = alloca i32, align 4
  store i32 2, i32* %f, align 4
  %g = alloca i32, align 4
  store i32 2, i32* %g, align 4
  %andop = alloca i1, align 1
  store i1 false, i1* %andop, align 1
  %orop = alloca i1, align 1
  store i1 true, i1* %orop, align 1
  %andop1 = load i1, i1* %andop, align 1
  %bool_tmp = xor i1 %andop1, true
  %notop = alloca i1, align 1
  store i1 %bool_tmp, i1* %notop, align 1
  %x2 = load i32, i32* %x, align 4
  %z3 = load i32, i32* %z, align 4
  %eq = icmp sgt i32 %x2, %z3
  %y = alloca i1, align 1
  store i1 %eq, i1* %y, align 1
  %eql = alloca i1, align 1
  store i1 false, i1* %eql, align 1
  %geql = alloca i1, align 1
  store i1 true, i1* %geql, align 1
  %leql = alloca i1, align 1
  store i1 false, i1* %leql, align 1
  %neql = alloca i1, align 1
  store i1 true, i1* %neql, align 1
  ret i32 0
}

declare noalias i8* @malloc(i32)
